<?xml version="1.0" encoding="UTF-8"?>
<testng-results skipped="0" failed="0" total="1" passed="1">
  <reporter-output>
  </reporter-output>
  <suite name="crm test app practice" duration-ms="25595" started-at="2019-08-06T18:31:05Z" finished-at="2019-08-06T18:31:30Z">
    <groups>
    </groups>
    <test name="parameters testing" duration-ms="25595" started-at="2019-08-06T18:31:05Z" finished-at="2019-08-06T18:31:30Z">
      <class name="testing2.ParametersTesting">
        <test-method status="PASS" signature="login(java.lang.String, java.lang.String, java.lang.String, java.lang.String)[pri:0, instance:testing2.ParametersTesting@7921b0a2]" name="login" duration-ms="25550" started-at="2019-08-07T00:01:05Z" finished-at="2019-08-07T00:01:30Z">
          <params>
            <param index="0">
              <value>
                <![CDATA[chrome]]>
              </value>
            </param>
            <param index="1">
              <value>
                <![CDATA[https://classic.crmpro.com]]>
              </value>
            </param>
            <param index="2">
              <value>
                <![CDATA[naveenk]]>
              </value>
            </param>
            <param index="3">
              <value>
                <![CDATA[test123]]>
              </value>
            </param>
          </params>
          <reporter-output>
          </reporter-output>
        </test-method> <!-- login -->
      </class> <!-- testing2.ParametersTesting -->
    </test> <!-- parameters testing -->
  </suite> <!-- crm test app practice -->
</testng-results>
