<?xml version="1.0" encoding="UTF-8"?>
<!-- Generated by org.testng.reporters.JUnitXMLReporter -->
<testsuite hostname="DESKTOP-TAS29CJ" name="TestNG Features testing practice" tests="17" failures="1" timestamp="6 Aug 2019 14:21:13 GMT" time="142.754" errors="0">
  <testcase name="test1" time="0.011" classname="testing2.DependsOnTesting">
    <failure type="java.lang.ArithmeticException" message="/ by zero">
      <![CDATA[java.lang.ArithmeticException: / by zero
	at testing2.DependsOnTesting.test1(DependsOnTesting.java:10)
... Removed 24 stack frames]]>
    </failure>
  </testcase> <!-- test1 -->
  <testcase name="test2" time="0.0" classname="testing2.DependsOnTesting">
    <skipped/>
  </testcase> <!-- test2 -->
  <testcase name="testdropdown" time="0.266" classname="testing2.InvocationTest"/>
  <testcase name="testdropdown" time="0.318" classname="testing2.InvocationTest"/>
  <testcase name="testdropdown" time="0.238" classname="testing2.InvocationTest"/>
  <testcase name="testdropdown" time="0.284" classname="testing2.InvocationTest"/>
  <testcase name="testdropdown" time="0.232" classname="testing2.InvocationTest"/>
  <testcase name="testdropdown" time="0.163" classname="testing2.InvocationTest"/>
  <testcase name="testdropdown" time="0.172" classname="testing2.InvocationTest"/>
  <testcase name="testdropdown" time="0.225" classname="testing2.InvocationTest"/>
  <testcase name="testdropdown" time="0.219" classname="testing2.InvocationTest"/>
  <testcase name="testdropdown" time="0.239" classname="testing2.InvocationTest"/>
  <testcase name="testtitle" time="0.027" classname="testing2.PracticeTestCases"/>
  <testcase name="linktest" time="0.082" classname="testing2.PracticeTestCases"/>
  <testcase name="logotest" time="0.071" classname="testing2.PracticeTestCases"/>
  <testcase name="test" time="0.001" classname="testing2.PracticTestNG"/>
  <testcase name="test2" time="0.004" classname="testing2.PracticTestNG"/>
</testsuite> <!-- TestNG Features testing practice -->
